\BOOKMARK [0][]{chapter.1}{Introduction}{}% 1
\BOOKMARK [0][]{chapter.2}{Gestion du projet}{}% 2
\BOOKMARK [1][]{section.2.1}{Pr\351sentation du projet}{chapter.2}% 3
\BOOKMARK [1][]{section.2.2}{Choix technologies}{chapter.2}% 4
\BOOKMARK [2][]{subsection.2.2.1}{Technologie c\364t\351 serveur}{section.2.2}% 5
\BOOKMARK [3][]{subsubsection.2.2.1.1}{JEE}{subsection.2.2.1}% 6
\BOOKMARK [2][]{subsection.2.2.2}{Technologie c\364t\351 client}{section.2.2}% 7
\BOOKMARK [3][]{subsubsection.2.2.2.1}{Highcharts}{subsection.2.2.2}% 8
\BOOKMARK [2][]{subsection.2.2.3}{Base de donn\351es}{section.2.2}% 9
\BOOKMARK [3][]{subsubsection.2.2.3.1}{Besoin}{subsection.2.2.3}% 10
\BOOKMARK [3][]{subsubsection.2.2.3.2}{MongoDB}{subsection.2.2.3}% 11
\BOOKMARK [1][]{section.2.3}{Planification et r\351partition des t\342ches}{chapter.2}% 12
\BOOKMARK [2][]{subsection.2.3.1}{Outils utilis\351s}{section.2.3}% 13
\BOOKMARK [2][]{subsection.2.3.2}{Diagramme de Gantt}{section.2.3}% 14
\BOOKMARK [2][]{subsection.2.3.3}{R\351partitions des r\364les}{section.2.3}% 15
\BOOKMARK [0][]{chapter.3}{Back-end}{}% 16
\BOOKMARK [1][]{section.3.1}{Base de Donn\351es}{chapter.3}% 17
\BOOKMARK [2][]{subsection.3.1.1}{Choix}{section.3.1}% 18
\BOOKMARK [3][]{subsubsection.3.1.1.1}{Besoin}{subsection.3.1.1}% 19
\BOOKMARK [3][]{subsubsection.3.1.1.2}{NoSQL: MongoDB}{subsection.3.1.1}% 20
\BOOKMARK [2][]{subsection.3.1.2}{Impl\351mentation}{section.3.1}% 21
\BOOKMARK [3][]{subsubsection.3.1.2.1}{Bilan}{subsection.3.1.2}% 22
\BOOKMARK [1][]{section.3.2}{Connexion}{chapter.3}% 23
\BOOKMARK [1][]{section.3.3}{Administration e-mail}{chapter.3}% 24
\BOOKMARK [0][]{chapter.4}{Front-end}{}% 25
\BOOKMARK [1][]{section.4.1}{Structure du site et style}{chapter.4}% 26
\BOOKMARK [1][]{section.4.2}{Questionnaire}{chapter.4}% 27
\BOOKMARK [1][]{section.4.3}{R\351sultat}{chapter.4}% 28
\BOOKMARK [0][]{chapter.5}{Conclusion}{}% 29
